{
  "RSpec": {
    "coverage": {
      "/home/epic-linter-9587/tic-tac-toe-rb-online-web-sp-000/lib/tic_tac_toe.rb": [
        null,
        1,
        null,
        null,
        null,
        null,
        null,
        null,
        null,
        null,
        null,
        1,
        14,
        14,
        14,
        14,
        14,
        null,
        null,
        1,
        13,
        null,
        null,
        1,
        12,
        null,
        null,
        1,
        15,
        null,
        null,
        1,
        13,
        null,
        null,
        1,
        13,
        13,
        10,
        10,
        9,
        9,
        null,
        1,
        null,
        null,
        null,
        1,
        11,
        11,
        99,
        5,
        null,
        null,
        11,
        null,
        null,
        1,
        10,
        10,
        null,
        0,
        null,
        null,
        null,
        1,
        22,
        null,
        161,
        161,
        161,
        null,
        161,
        8,
        null,
        null,
        14,
        null,
        null,
        1,
        5,
        31,
        null,
        null,
        null,
        1,
        7,
        2,
        null,
        null,
        null,
        1,
        3,
        2,
        null,
        null,
        null,
        1,
        3,
        1,
        null,
        2,
        null,
        null,
        0,
        null,
        0,
        0,
        0,
        null,
        0,
        0,
        null,
        0,
        null,
        null,
        null,
        null,
        1,
        12,
        12,
        7,
        0,
        0,
        0,
        0,
        0,
        null,
        null,
        null
      ]
    },
    "timestamp": 1601484203
  }
}
