{
  "RSpec": {
    "coverage": {
      "/home/epic-linter-9587/tic-tac-toe-rb-online-web-sp-000/lib/tic_tac_toe.rb": [
        null,
        1,
        null,
        null,
        null,
        null,
        null,
        null,
        null,
        null,
        null,
        1,
        23,
        23,
        23,
        23,
        23,
        null,
        null,
        1,
        22,
        null,
        null,
        1,
        21,
        null,
        null,
        1,
        24,
        null,
        null,
        1,
        22,
        null,
        null,
        1,
        19,
        19,
        19,
        19,
        18,
        18,
        null,
        1,
        null,
        null,
        null,
        1,
        20,
        20,
        180,
        30,
        null,
        null,
        20,
        null,
        null,
        1,
        19,
        14,
        null,
        5,
        null,
        null,
        null,
        1,
        70,
        null,
        526,
        526,
        526,
        null,
        526,
        15,
        null,
        null,
        55,
        null,
        null,
        1,
        28,
        123,
        null,
        null,
        null,
        1,
        30,
        4,
        null,
        null,
        null,
        1,
        20,
        10,
        null,
        null,
        null,
        1,
        4,
        null,
        null,
        3,
        null,
        null,
        null,
        1,
        12,
        16,
        16,
        2,
        14,
        0,
        null,
        null,
        null
      ]
    },
    "timestamp": 1601489888
  }
}
